`unstable_features` setting can only be used on nightly channel
{"artifact":"c:\\Users\\hecht\\IdeaProjects\\DiscordBot\\target\\rls\\debug\\deps\\unicode_xid-cb2ffcf7cdd13128.d","emit":"dep-info"}
{"artifact":"c:\\Users\\hecht\\IdeaProjects\\DiscordBot\\target\\rls\\debug\\deps\\semver_parser-4a6afa26931c7f93.d","emit":"dep-info"}
{"artifact":"c:\\Users\\hecht\\IdeaProjects\\DiscordBot\\target\\rls\\debug\\deps\\save-analysis\\libunicode_xid-cb2ffcf7cdd13128.json","emit":"save-analysis"}
{"artifact":"c:\\Users\\hecht\\IdeaProjects\\DiscordBot\\target\\rls\\debug\\deps\\libunicode_xid-cb2ffcf7cdd13128.rmeta","emit":"metadata"}
{"artifact":"c:\\Users\\hecht\\IdeaProjects\\DiscordBot\\target\\rls\\debug\\deps\\lazy_static-5cf3109d50a3519f.d","emit":"dep-info"}
{"artifact":"c:\\Users\\hecht\\IdeaProjects\\DiscordBot\\target\\rls\\debug\\deps\\libunicode_xid-cb2ffcf7cdd13128.rlib","emit":"link"}
{"artifact":"c:\\Users\\hecht\\IdeaProjects\\DiscordBot\\target\\rls\\debug\\deps\\save-analysis\\liblazy_static-5cf3109d50a3519f.json","emit":"save-analysis"}
{"artifact":"c:\\Users\\hecht\\IdeaProjects\\DiscordBot\\target\\rls\\debug\\deps\\liblazy_static-5cf3109d50a3519f.rmeta","emit":"metadata"}
{"artifact":"c:\\Users\\hecht\\IdeaProjects\\DiscordBot\\target\\rls\\debug\\deps\\save-analysis\\libsemver_parser-4a6afa26931c7f93.json","emit":"save-analysis"}
{"artifact":"c:\\Users\\hecht\\IdeaProjects\\DiscordBot\\target\\rls\\debug\\deps\\liblazy_static-5cf3109d50a3519f.rlib","emit":"link"}
{"artifact":"c:\\Users\\hecht\\IdeaProjects\\DiscordBot\\target\\rls\\debug\\deps\\unicode_xid-6334c5ef7f9a1a25.d","emit":"dep-info"}
{"artifact":"c:\\Users\\hecht\\IdeaProjects\\DiscordBot\\target\\rls\\debug\\deps\\libsemver_parser-4a6afa26931c7f93.rmeta","emit":"metadata"}
{"artifact":"c:\\Users\\hecht\\IdeaProjects\\DiscordBot\\target\\rls\\debug\\deps\\save-analysis\\libunicode_xid-6334c5ef7f9a1a25.json","emit":"save-analysis"}
{"artifact":"c:\\Users\\hecht\\IdeaProjects\\DiscordBot\\target\\rls\\debug\\deps\\libunicode_xid-6334c5ef7f9a1a25.rmeta","emit":"metadata"}
{"artifact":"c:\\Users\\hecht\\IdeaProjects\\DiscordBot\\target\\rls\\debug\\deps\\libunicode_xid-6334c5ef7f9a1a25.rlib","emit":"link"}
{"artifact":"c:\\Users\\hecht\\IdeaProjects\\DiscordBot\\target\\rls\\debug\\deps\\cfg_if-d1650cbdea1849a9.d","emit":"dep-info"}
{"artifact":"c:\\Users\\hecht\\IdeaProjects\\DiscordBot\\target\\rls\\debug\\deps\\save-analysis\\libcfg_if-d1650cbdea1849a9.json","emit":"save-analysis"}
{"artifact":"c:\\Users\\hecht\\IdeaProjects\\DiscordBot\\target\\rls\\debug\\deps\\libcfg_if-d1650cbdea1849a9.rmeta","emit":"metadata"}
{"artifact":"c:\\Users\\hecht\\IdeaProjects\\DiscordBot\\target\\rls\\debug\\deps\\rustc_demangle-2e30c23252ac8dc3.d","emit":"dep-info"}
{"artifact":"c:\\Users\\hecht\\IdeaProjects\\DiscordBot\\target\\rls\\debug\\deps\\libcfg_if-d1650cbdea1849a9.rlib","emit":"link"}
{"artifact":"c:\\Users\\hecht\\IdeaProjects\\DiscordBot\\target\\rls\\debug\\deps\\save-analysis\\librustc_demangle-2e30c23252ac8dc3.json","emit":"save-analysis"}
{"artifact":"c:\\Users\\hecht\\IdeaProjects\\DiscordBot\\target\\rls\\debug\\deps\\librustc_demangle-2e30c23252ac8dc3.rmeta","emit":"metadata"}
{"artifact":"c:\\Users\\hecht\\IdeaProjects\\DiscordBot\\target\\rls\\debug\\deps\\ucd_util-8c6c568fbd630bad.d","emit":"dep-info"}
{"artifact":"c:\\Users\\hecht\\IdeaProjects\\DiscordBot\\target\\rls\\debug\\deps\\glob-ae107368aa912606.d","emit":"dep-info"}
{"artifact":"c:\\Users\\hecht\\IdeaProjects\\DiscordBot\\target\\rls\\debug\\deps\\unicode_width-e4a0ac091ffe261a.d","emit":"dep-info"}
{"artifact":"c:\\Users\\hecht\\IdeaProjects\\DiscordBot\\target\\rls\\debug\\deps\\save-analysis\\libucd_util-8c6c568fbd630bad.json","emit":"save-analysis"}
{"artifact":"c:\\Users\\hecht\\IdeaProjects\\DiscordBot\\target\\rls\\debug\\deps\\save-analysis\\libunicode_width-e4a0ac091ffe261a.json","emit":"save-analysis"}
{"artifact":"c:\\Users\\hecht\\IdeaProjects\\DiscordBot\\target\\rls\\debug\\deps\\libunicode_width-e4a0ac091ffe261a.rmeta","emit":"metadata"}
{"artifact":"c:\\Users\\hecht\\IdeaProjects\\DiscordBot\\target\\rls\\debug\\deps\\libucd_util-8c6c568fbd630bad.rmeta","emit":"metadata"}
{"artifact":"c:\\Users\\hecht\\IdeaProjects\\DiscordBot\\target\\rls\\debug\\deps\\utf8_ranges-17823de5873d756e.d","emit":"dep-info"}
{"artifact":"c:\\Users\\hecht\\IdeaProjects\\DiscordBot\\target\\rls\\debug\\deps\\libunicode_width-e4a0ac091ffe261a.rlib","emit":"link"}
{"artifact":"c:\\Users\\hecht\\IdeaProjects\\DiscordBot\\target\\rls\\debug\\deps\\libsemver_parser-4a6afa26931c7f93.rlib","emit":"link"}
{"artifact":"c:\\Users\\hecht\\IdeaProjects\\DiscordBot\\target\\rls\\debug\\deps\\quick_error-65915ad1f791c435.d","emit":"dep-info"}
{"artifact":"c:\\Users\\hecht\\IdeaProjects\\DiscordBot\\target\\rls\\debug\\deps\\scopeguard-4aef5e1e588b503d.d","emit":"dep-info"}
{"artifact":"c:\\Users\\hecht\\IdeaProjects\\DiscordBot\\target\\rls\\debug\\deps\\save-analysis\\libscopeguard-4aef5e1e588b503d.json","emit":"save-analysis"}
{"artifact":"c:\\Users\\hecht\\IdeaProjects\\DiscordBot\\target\\rls\\debug\\deps\\save-analysis\\libquick_error-65915ad1f791c435.json","emit":"save-analysis"}
{"artifact":"c:\\Users\\hecht\\IdeaProjects\\DiscordBot\\target\\rls\\debug\\deps\\libscopeguard-4aef5e1e588b503d.rmeta","emit":"metadata"}
{"artifact":"c:\\Users\\hecht\\IdeaProjects\\DiscordBot\\target\\rls\\debug\\deps\\libquick_error-65915ad1f791c435.rmeta","emit":"metadata"}
{"artifact":"c:\\Users\\hecht\\IdeaProjects\\DiscordBot\\target\\rls\\debug\\deps\\libscopeguard-4aef5e1e588b503d.rlib","emit":"link"}
{"artifact":"c:\\Users\\hecht\\IdeaProjects\\DiscordBot\\target\\rls\\debug\\deps\\save-analysis\\libutf8_ranges-17823de5873d756e.json","emit":"save-analysis"}{
"artifact":"c:\\Users\\hecht\\IdeaProjects\\DiscordBot\\target\\rls\\debug\\deps\\libquick_error-65915ad1f791c435.rlib","emit":"link"}
{"artifact":"c:\\Users\\hecht\\IdeaProjects\\DiscordBot\\target\\rls\\debug\\deps\\bitflags-61f1da03ece47484.d","emit":"dep-info"}
{"artifact":"c:\\Users\\hecht\\IdeaProjects\\DiscordBot\\target\\rls\\debug\\deps\\save-analysis\\libbitflags-61f1da03ece47484.json","emit":"save-analysis"}
{"artifact":"c:\\Users\\hecht\\IdeaProjects\\DiscordBot\\target\\rls\\debug\\deps\\libbitflags-61f1da03ece47484.rmeta","emit":"metadata"}
{"artifact":"c:\\Users\\hecht\\IdeaProjects\\DiscordBot\\target\\rls\\debug\\deps\\libutf8_ranges-17823de5873d756e.rmeta","emit":"metadata"}
{"artifact":"c:\\Users\\hecht\\IdeaProjects\\DiscordBot\\target\\rls\\debug\\deps\\libbitflags-61f1da03ece47484.rlib","emit":"link"}
{"artifact":"c:\\Users\\hecht\\IdeaProjects\\DiscordBot\\target\\rls\\debug\\deps\\save-analysis\\libglob-ae107368aa912606.json","emit":"save-analysis"}
{"artifact":"c:\\Users\\hecht\\IdeaProjects\\DiscordBot\\target\\rls\\debug\\deps\\vec_map-cfe8e50a5dc299a1.d","emit":"dep-info"}
{"artifact":"c:\\Users\\hecht\\IdeaProjects\\DiscordBot\\target\\rls\\debug\\deps\\libglob-ae107368aa912606.rmeta","emit":"metadata"}
{"artifact":"c:\\Users\\hecht\\IdeaProjects\\DiscordBot\\target\\rls\\debug\\deps\\strsim-7bc4ca8a0973d03b.d","emit":"dep-info"}
{"artifact":"c:\\Users\\hecht\\IdeaProjects\\DiscordBot\\target\\rls\\debug\\deps\\libucd_util-8c6c568fbd630bad.rlib","emit":"link"}
{"artifact":"c:\\Users\\hecht\\IdeaProjects\\DiscordBot\\target\\rls\\debug\\deps\\save-analysis\\libstrsim-7bc4ca8a0973d03b.json","emit":"save-analysis"}
{"artifact":"c:\\Users\\hecht\\IdeaProjects\\DiscordBot\\target\\rls\\debug\\deps\\save-analysis\\libvec_map-cfe8e50a5dc299a1.json","emit":"save-analysis"}
{"artifact":"c:\\Users\\hecht\\IdeaProjects\\DiscordBot\\target\\rls\\debug\\deps\\libvec_map-cfe8e50a5dc299a1.rmeta","emit":"metadata"}
{"artifact":"c:\\Users\\hecht\\IdeaProjects\\DiscordBot\\target\\rls\\debug\\deps\\libvec_map-cfe8e50a5dc299a1.rlib","emit":"link"}
{"artifact":"c:\\Users\\hecht\\IdeaProjects\\DiscordBot\\target\\rls\\debug\\deps\\librustc_demangle-2e30c23252ac8dc3.rlib","emit":"link"}
{"artifact":"c:\\Users\\hecht\\IdeaProjects\\DiscordBot\\target\\rls\\debug\\deps\\libutf8_ranges-17823de5873d756e.rlib","emit":"link"}
{"artifact":"c:\\Users\\hecht\\IdeaProjects\\DiscordBot\\target\\rls\\debug\\deps\\libstrsim-7bc4ca8a0973d03b.rmeta","emit":"metadata"}
{"artifact":"c:\\Users\\hecht\\IdeaProjects\\DiscordBot\\target\\rls\\debug\\deps\\adler32-324cb62de83dd71e.d","emit":"dep-info"}
{"artifact":"c:\\Users\\hecht\\IdeaProjects\\DiscordBot\\target\\rls\\debug\\deps\\peeking_take_while-43942fb30a7ba0a2.d","emit":"dep-info"}
{"artifact":"c:\\Users\\hecht\\IdeaProjects\\DiscordBot\\target\\rls\\debug\\deps\\take_mut-293e7e63447b01dd.d","emit":"dep-info"}
{"artifact":"c:\\Users\\hecht\\IdeaProjects\\DiscordBot\\target\\rls\\debug\\deps\\save-analysis\\libpeeking_take_while-43942fb30a7ba0a2.json","emit":"save-analysis"}
{"artifact":"c:\\Users\\hecht\\IdeaProjects\\DiscordBot\\target\\rls\\debug\\deps\\save-analysis\\libadler32-324cb62de83dd71e.json","emit":"save-analysis"}
{"artifact":"c:\\Users\\hecht\\IdeaProjects\\DiscordBot\\target\\rls\\debug\\deps\\libpeeking_take_while-43942fb30a7ba0a2.rmeta","emit":"metadata"}
{"artifact":"c:\\Users\\hecht\\IdeaProjects\\DiscordBot\\target\\rls\\debug\\deps\\libadler32-324cb62de83dd71e.rmeta","emit":"metadata"}
{"artifact":"c:\\Users\\hecht\\IdeaProjects\\DiscordBot\\target\\rls\\debug\\deps\\libpeeking_take_while-43942fb30a7ba0a2.rlib","emit":"link"}
{"artifact":"c:\\Users\\hecht\\IdeaProjects\\DiscordBot\\target\\rls\\debug\\deps\\save-analysis\\libtake_mut-293e7e63447b01dd.json","emit":"save-analysis"}
{"artifact":"c:\\Users\\hecht\\IdeaProjects\\DiscordBot\\target\\rls\\debug\\deps\\libtake_mut-293e7e63447b01dd.rmeta","emit":"metadata"}
{"artifact":"c:\\Users\\hecht\\IdeaProjects\\DiscordBot\\target\\rls\\debug\\deps\\libtake_mut-293e7e63447b01dd.rlib","emit":"link"}
{"artifact":"c:\\Users\\hecht\\IdeaProjects\\DiscordBot\\target\\rls\\debug\\deps\\rle_decode_fast-ec3a478273425400.d","emit":"dep-info"}
{"artifact":"c:\\Users\\hecht\\IdeaProjects\\DiscordBot\\target\\rls\\debug\\deps\\save-analysis\\librle_decode_fast-ec3a478273425400.json","emit":"save-analysis"}
{"artifact":"c:\\Users\\hecht\\IdeaProjects\\DiscordBot\\target\\rls\\debug\\deps\\librle_decode_fast-ec3a478273425400.rmeta","emit":"metadata"}
{"artifact":"c:\\Users\\hecht\\IdeaProjects\\DiscordBot\\target\\rls\\debug\\deps\\libadler32-324cb62de83dd71e.rlib","emit":"link"}
{"artifact":"c:\\Users\\hecht\\IdeaProjects\\DiscordBot\\target\\rls\\debug\\deps\\librle_decode_fast-ec3a478273425400.rlib","emit":"link"}
{"artifact":"c:\\Users\\hecht\\IdeaProjects\\DiscordBot\\target\\rls\\debug\\deps\\libstrsim-7bc4ca8a0973d03b.rlib","emit":"link"}
{"artifact":"c:\\Users\\hecht\\IdeaProjects\\DiscordBot\\target\\rls\\debug\\deps\\libglob-ae107368aa912606.rlib","emit":"link"}
{"artifact":"c:\\Users\\hecht\\IdeaProjects\\DiscordBot\\target\\rls\\debug\\deps\\thread_local-678858a131bc3b0a.d","emit":"dep-info"}
{"artifact":"c:\\Users\\hecht\\IdeaProjects\\DiscordBot\\target\\rls\\debug\\deps\\log-6286701394d98b71.d","emit":"dep-info"}
{"artifact":"c:\\Users\\hecht\\IdeaProjects\\DiscordBot\\target\\rls\\debug\\deps\\save-analysis\\libthread_local-678858a131bc3b0a.json","emit":"save-analysis"}
{"artifact":"c:\\Users\\hecht\\IdeaProjects\\DiscordBot\\target\\rls\\debug\\deps\\libthread_local-678858a131bc3b0a.rmeta","emit":"metadata"}
{"artifact":"c:\\Users\\hecht\\IdeaProjects\\DiscordBot\\target\\rls\\debug\\deps\\save-analysis\\liblog-6286701394d98b71.json","emit":"save-analysis"}
{"artifact":"c:\\Users\\hecht\\IdeaProjects\\DiscordBot\\target\\rls\\debug\\deps\\liblog-6286701394d98b71.rmeta","emit":"metadata"}
{"artifact":"c:\\Users\\hecht\\IdeaProjects\\DiscordBot\\target\\rls\\debug\\deps\\libthread_local-678858a131bc3b0a.rlib","emit":"link"}
{"artifact":"c:\\Users\\hecht\\IdeaProjects\\DiscordBot\\target\\rls\\debug\\deps\\liblog-6286701394d98b71.rlib","emit":"link"}
{"artifact":"c:\\Users\\hecht\\IdeaProjects\\DiscordBot\\target\\rls\\debug\\deps\\textwrap-21f5afb87bbdf5b5.d","emit":"dep-info"}
{"artifact":"c:\\Users\\hecht\\IdeaProjects\\DiscordBot\\target\\rls\\debug\\deps\\semver-7e752e71fc4608a2.d","emit":"dep-info"}
{"artifact":"c:\\Users\\hecht\\IdeaProjects\\DiscordBot\\target\\rls\\debug\\deps\\humantime-3083ee6389536e33.d","emit":"dep-info"}
{"artifact":"c:\\Users\\hecht\\IdeaProjects\\DiscordBot\\target\\rls\\debug\\deps\\save-analysis\\libtextwrap-21f5afb87bbdf5b5.json","emit":"save-analysis"}
{"artifact":"c:\\Users\\hecht\\IdeaProjects\\DiscordBot\\target\\rls\\debug\\deps\\save-analysis\\libhumantime-3083ee6389536e33.json","emit":"save-analysis"}
{"artifact":"c:\\Users\\hecht\\IdeaProjects\\DiscordBot\\target\\rls\\debug\\deps\\libtextwrap-21f5afb87bbdf5b5.rmeta","emit":"metadata"}
{"artifact":"c:\\Users\\hecht\\IdeaProjects\\DiscordBot\\target\\rls\\debug\\deps\\libhumantime-3083ee6389536e33.rmeta","emit":"metadata"}
{"artifact":"c:\\Users\\hecht\\IdeaProjects\\DiscordBot\\target\\rls\\debug\\deps\\save-analysis\\libsemver-7e752e71fc4608a2.json","emit":"save-analysis"}
{"artifact":"c:\\Users\\hecht\\IdeaProjects\\DiscordBot\\target\\rls\\debug\\deps\\libsemver-7e752e71fc4608a2.rmeta","emit":"metadata"}
{"artifact":"c:\\Users\\hecht\\IdeaProjects\\DiscordBot\\target\\rls\\debug\\deps\\libhumantime-3083ee6389536e33.rlib","emit":"link"}
{"artifact":"c:\\Users\\hecht\\IdeaProjects\\DiscordBot\\target\\rls\\debug\\deps\\libtextwrap-21f5afb87bbdf5b5.rlib","emit":"link"}
{"artifact":"c:\\Users\\hecht\\IdeaProjects\\DiscordBot\\target\\rls\\debug\\deps\\regex_syntax-a6e574b354f148c9.d","emit":"dep-info"}
{"artifact":"c:\\Users\\hecht\\IdeaProjects\\DiscordBot\\target\\rls\\debug\\deps\\libsemver-7e752e71fc4608a2.rlib","emit":"link"}
{"artifact":"c:\\Users\\hecht\\IdeaProjects\\DiscordBot\\target\\rls\\debug\\deps\\byteorder-a0a94c9bdc57b544.d","emit":"dep-info"}
{"artifact":"c:\\Users\\hecht\\IdeaProjects\\DiscordBot\\target\\rls\\debug\\deps\\proc_macro2-552df1b7f4390d1b.d","emit":"dep-info"}
{"artifact":"c:\\Users\\hecht\\IdeaProjects\\DiscordBot\\target\\rls\\debug\\deps\\libc-d53584ee5ccbde9e.d","emit":"dep-info"}
{"artifact":"c:\\Users\\hecht\\IdeaProjects\\DiscordBot\\target\\rls\\debug\\deps\\proc_macro2-57a835d934055271.d","emit":"dep-info"}
{"artifact":"c:\\Users\\hecht\\IdeaProjects\\DiscordBot\\target\\rls\\debug\\deps\\memchr-c53534deac84dc52.d","emit":"dep-info"}
{"artifact":"c:\\Users\\hecht\\IdeaProjects\\DiscordBot\\target\\rls\\debug\\deps\\liblibc-d53584ee5ccbde9e.rmeta","emit":"metadata"}
{"artifact":"c:\\Users\\hecht\\IdeaProjects\\DiscordBot\\target\\rls\\debug\\deps\\liblibc-d53584ee5ccbde9e.rlib","emit":"link"}
{"artifact":"c:\\Users\\hecht\\IdeaProjects\\DiscordBot\\target\\rls\\debug\\deps\\save-analysis\\libbyteorder-a0a94c9bdc57b544.json","emit":"save-analysis"}
{"artifact":"c:\\Users\\hecht\\IdeaProjects\\DiscordBot\\target\\rls\\debug\\deps\\libbyteorder-a0a94c9bdc57b544.rmeta","emit":"metadata"}
{"artifact":"c:\\Users\\hecht\\IdeaProjects\\DiscordBot\\target\\rls\\debug\\deps\\save-analysis\\libproc_macro2-552df1b7f4390d1b.json","emit":"save-analysis"}
{"artifact":"c:\\Users\\hecht\\IdeaProjects\\DiscordBot\\target\\rls\\debug\\deps\\libproc_macro2-552df1b7f4390d1b.rmeta","emit":"metadata"}
{"artifact":"c:\\Users\\hecht\\IdeaProjects\\DiscordBot\\target\\rls\\debug\\deps\\save-analysis\\libmemchr-c53534deac84dc52.json","emit":"save-analysis"}
{"artifact":"c:\\Users\\hecht\\IdeaProjects\\DiscordBot\\target\\rls\\debug\\deps\\libbyteorder-a0a94c9bdc57b544.rlib","emit":"link"}
{"artifact":"c:\\Users\\hecht\\IdeaProjects\\DiscordBot\\target\\rls\\debug\\deps\\libmemchr-c53534deac84dc52.rmeta","emit":"metadata"}
{"artifact":"c:\\Users\\hecht\\IdeaProjects\\DiscordBot\\target\\rls\\debug\\deps\\crc32fast-c7e2b4bcffea98c7.d","emit":"dep-info"}
{"artifact":"c:\\Users\\hecht\\IdeaProjects\\DiscordBot\\target\\rls\\debug\\deps\\save-analysis\\libproc_macro2-57a835d934055271.json","emit":"save-analysis"}
{"artifact":"c:\\Users\\hecht\\IdeaProjects\\DiscordBot\\target\\rls\\debug\\deps\\save-analysis\\libcrc32fast-c7e2b4bcffea98c7.json","emit":"save-analysis"}
{"artifact":"c:\\Users\\hecht\\IdeaProjects\\DiscordBot\\target\\rls\\debug\\deps\\libcrc32fast-c7e2b4bcffea98c7.rmeta","emit":"metadata"}
{"artifact":"c:\\Users\\hecht\\IdeaProjects\\DiscordBot\\target\\rls\\debug\\deps\\libproc_macro2-57a835d934055271.rmeta","emit":"metadata"}
{"artifact":"c:\\Users\\hecht\\IdeaProjects\\DiscordBot\\target\\rls\\debug\\deps\\libmemchr-c53534deac84dc52.rlib","emit":"link"}
{"artifact":"c:\\Users\\hecht\\IdeaProjects\\DiscordBot\\target\\rls\\debug\\deps\\libcrc32fast-c7e2b4bcffea98c7.rlib","emit":"link"}
{"artifact":"c:\\Users\\hecht\\IdeaProjects\\DiscordBot\\target\\rls\\debug\\deps\\winapi-67f6f5ddb26a7a53.d","emit":"dep-info"}
{"artifact":"c:\\Users\\hecht\\IdeaProjects\\DiscordBot\\target\\rls\\debug\\deps\\libproc_macro2-552df1b7f4390d1b.rlib","emit":"link"}
{"artifact":"c:\\Users\\hecht\\IdeaProjects\\DiscordBot\\target\\rls\\debug\\deps\\hashbrown-3feb70975956723b.d","emit":"dep-info"}
{"artifact":"c:\\Users\\hecht\\IdeaProjects\\DiscordBot\\target\\rls\\debug\\deps\\libproc_macro2-57a835d934055271.rlib","emit":"link"}
{"artifact":"c:\\Users\\hecht\\IdeaProjects\\DiscordBot\\target\\rls\\debug\\deps\\aho_corasick-d6c41dc1528e569e.d","emit":"dep-info"}
{"artifact":"c:\\Users\\hecht\\IdeaProjects\\DiscordBot\\target\\rls\\debug\\deps\\save-analysis\\libhashbrown-3feb70975956723b.json","emit":"save-analysis"}
{"artifact":"c:\\Users\\hecht\\IdeaProjects\\DiscordBot\\target\\rls\\debug\\deps\\libhashbrown-3feb70975956723b.rmeta","emit":"metadata"}
{"artifact":"c:\\Users\\hecht\\IdeaProjects\\DiscordBot\\target\\rls\\debug\\deps\\libhashbrown-3feb70975956723b.rlib","emit":"link"}
{"artifact":"c:\\Users\\hecht\\IdeaProjects\\DiscordBot\\target\\rls\\debug\\deps\\nom-9b7eec9a03373998.d","emit":"dep-info"}
{"artifact":"c:\\Users\\hecht\\IdeaProjects\\DiscordBot\\target\\rls\\debug\\deps\\save-analysis\\libaho_corasick-d6c41dc1528e569e.json","emit":"save-analysis"}
{"artifact":"c:\\Users\\hecht\\IdeaProjects\\DiscordBot\\target\\rls\\debug\\deps\\libaho_corasick-d6c41dc1528e569e.rmeta","emit":"metadata"}
{"artifact":"c:\\Users\\hecht\\IdeaProjects\\DiscordBot\\target\\rls\\debug\\deps\\save-analysis\\libregex_syntax-a6e574b354f148c9.json","emit":"save-analysis"}
{"artifact":"c:\\Users\\hecht\\IdeaProjects\\DiscordBot\\target\\rls\\debug\\deps\\libaho_corasick-d6c41dc1528e569e.rlib","emit":"link"}
{"artifact":"c:\\Users\\hecht\\IdeaProjects\\DiscordBot\\target\\rls\\debug\\deps\\quote-d7c96571386a6183.d","emit":"dep-info"}
{"artifact":"c:\\Users\\hecht\\IdeaProjects\\DiscordBot\\target\\rls\\debug\\deps\\save-analysis\\libquote-d7c96571386a6183.json","emit":"save-analysis"}
{"artifact":"c:\\Users\\hecht\\IdeaProjects\\DiscordBot\\target\\rls\\debug\\deps\\quote-623a9f487511f206.d","emit":"dep-info"}
{"artifact":"c:\\Users\\hecht\\IdeaProjects\\DiscordBot\\target\\rls\\debug\\deps\\libquote-d7c96571386a6183.rmeta","emit":"metadata"}
{"artifact":"c:\\Users\\hecht\\IdeaProjects\\DiscordBot\\target\\rls\\debug\\deps\\libregex_syntax-a6e574b354f148c9.rmeta","emit":"metadata"}
{"artifact":"c:\\Users\\hecht\\IdeaProjects\\DiscordBot\\target\\rls\\debug\\deps\\save-analysis\\libquote-623a9f487511f206.json","emit":"save-analysis"}
{"artifact":"c:\\Users\\hecht\\IdeaProjects\\DiscordBot\\target\\rls\\debug\\deps\\libquote-623a9f487511f206.rmeta","emit":"metadata"}
{"artifact":"c:\\Users\\hecht\\IdeaProjects\\DiscordBot\\target\\rls\\debug\\deps\\backtrace_sys-b6c469c4217525c2.d","emit":"dep-info"}
{"artifact":"c:\\Users\\hecht\\IdeaProjects\\DiscordBot\\target\\rls\\debug\\deps\\save-analysis\\libbacktrace_sys-b6c469c4217525c2.json","emit":"save-analysis"}
{"artifact":"c:\\Users\\hecht\\IdeaProjects\\DiscordBot\\target\\rls\\debug\\deps\\libbacktrace_sys-b6c469c4217525c2.rmeta","emit":"metadata"}
{"artifact":"c:\\Users\\hecht\\IdeaProjects\\DiscordBot\\target\\rls\\debug\\deps\\libbacktrace_sys-b6c469c4217525c2.rlib","emit":"link"}
{"artifact":"c:\\Users\\hecht\\IdeaProjects\\DiscordBot\\target\\rls\\debug\\deps\\save-analysis\\libnom-9b7eec9a03373998.json","emit":"save-analysis"}
{"artifact":"c:\\Users\\hecht\\IdeaProjects\\DiscordBot\\target\\rls\\debug\\deps\\libquote-d7c96571386a6183.rlib","emit":"link"}
{"artifact":"c:\\Users\\hecht\\IdeaProjects\\DiscordBot\\target\\rls\\debug\\deps\\libnom-9b7eec9a03373998.rmeta","emit":"metadata"}
{"artifact":"c:\\Users\\hecht\\IdeaProjects\\DiscordBot\\target\\rls\\debug\\deps\\libquote-623a9f487511f206.rlib","emit":"link"}
{"artifact":"c:\\Users\\hecht\\IdeaProjects\\DiscordBot\\target\\rls\\debug\\deps\\backtrace-6dbd2588031021fd.d","emit":"dep-info"}
{"artifact":"c:\\Users\\hecht\\IdeaProjects\\DiscordBot\\target\\rls\\debug\\deps\\libnom-9b7eec9a03373998.rlib","emit":"link"}
{"artifact":"c:\\Users\\hecht\\IdeaProjects\\DiscordBot\\target\\rls\\debug\\deps\\save-analysis\\libbacktrace-6dbd2588031021fd.json","emit":"save-analysis"}
{"artifact":"c:\\Users\\hecht\\IdeaProjects\\DiscordBot\\target\\rls\\debug\\deps\\libbacktrace-6dbd2588031021fd.rmeta","emit":"metadata"}
{"artifact":"c:\\Users\\hecht\\IdeaProjects\\DiscordBot\\target\\rls\\debug\\deps\\syn-6a72a724f3a07379.d","emit":"dep-info"}
{"artifact":"c:\\Users\\hecht\\IdeaProjects\\DiscordBot\\target\\rls\\debug\\deps\\cexpr-5f47c85af0e1ea72.d","emit":"dep-info"}
{"artifact":"c:\\Users\\hecht\\IdeaProjects\\DiscordBot\\target\\rls\\debug\\deps\\libbacktrace-6dbd2588031021fd.rlib","emit":"link"}
{"artifact":"c:\\Users\\hecht\\IdeaProjects\\DiscordBot\\target\\rls\\debug\\deps\\save-analysis\\libcexpr-5f47c85af0e1ea72.json","emit":"save-analysis"}
{"artifact":"c:\\Users\\hecht\\IdeaProjects\\DiscordBot\\target\\rls\\debug\\deps\\libcexpr-5f47c85af0e1ea72.rmeta","emit":"metadata"}
{"artifact":"c:\\Users\\hecht\\IdeaProjects\\DiscordBot\\target\\rls\\debug\\deps\\libregex_syntax-a6e574b354f148c9.rlib","emit":"link"}
{"artifact":"c:\\Users\\hecht\\IdeaProjects\\DiscordBot\\target\\rls\\debug\\deps\\regex-e2cf1e06ff2d5a6b.d","emit":"dep-info"}
{"artifact":"c:\\Users\\hecht\\IdeaProjects\\DiscordBot\\target\\rls\\debug\\deps\\libcexpr-5f47c85af0e1ea72.rlib","emit":"link"}
{"artifact":"c:\\Users\\hecht\\IdeaProjects\\DiscordBot\\target\\rls\\debug\\deps\\save-analysis\\libregex-e2cf1e06ff2d5a6b.json","emit":"save-analysis"}
{"artifact":"c:\\Users\\hecht\\IdeaProjects\\DiscordBot\\target\\rls\\debug\\deps\\libwinapi-67f6f5ddb26a7a53.rmeta","emit":"metadata"}
{"artifact":"c:\\Users\\hecht\\IdeaProjects\\DiscordBot\\target\\rls\\debug\\deps\\libwinapi-67f6f5ddb26a7a53.rlib","emit":"link"}
{"artifact":"c:\\Users\\hecht\\IdeaProjects\\DiscordBot\\target\\rls\\debug\\deps\\winapi_util-d64f4e0329dfec96.d","emit":"dep-info"}
{"artifact":"c:\\Users\\hecht\\IdeaProjects\\DiscordBot\\target\\rls\\debug\\deps\\atty-5fd12212f5fbb46c.d","emit":"dep-info"}
{"artifact":"c:\\Users\\hecht\\IdeaProjects\\DiscordBot\\target\\rls\\debug\\deps\\libloading-1fa56ac244c7b9f4.d","emit":"dep-info"}
{"artifact":"c:\\Users\\hecht\\IdeaProjects\\DiscordBot\\target\\rls\\debug\\deps\\filetime-130d0ebfadd98d7d.d","emit":"dep-info"}
{"artifact":"c:\\Users\\hecht\\IdeaProjects\\DiscordBot\\target\\rls\\debug\\deps\\libregex-e2cf1e06ff2d5a6b.rmeta","emit":"metadata"}
{"artifact":"c:\\Users\\hecht\\IdeaProjects\\DiscordBot\\target\\rls\\debug\\deps\\save-analysis\\libatty-5fd12212f5fbb46c.json","emit":"save-analysis"}
{"artifact":"c:\\Users\\hecht\\IdeaProjects\\DiscordBot\\target\\rls\\debug\\deps\\save-analysis\\libwinapi_util-d64f4e0329dfec96.json","emit":"save-analysis"}
{"artifact":"c:\\Users\\hecht\\IdeaProjects\\DiscordBot\\target\\rls\\debug\\deps\\libatty-5fd12212f5fbb46c.rmeta","emit":"metadata"}
{"artifact":"c:\\Users\\hecht\\IdeaProjects\\DiscordBot\\target\\rls\\debug\\deps\\libwinapi_util-d64f4e0329dfec96.rmeta","emit":"metadata"}
{"artifact":"c:\\Users\\hecht\\IdeaProjects\\DiscordBot\\target\\rls\\debug\\deps\\save-analysis\\libfiletime-130d0ebfadd98d7d.json","emit":"save-analysis"}
{"artifact":"c:\\Users\\hecht\\IdeaProjects\\DiscordBot\\target\\rls\\debug\\deps\\save-analysis\\liblibloading-1fa56ac244c7b9f4.json","emit":"save-analysis"}
{"artifact":"c:\\Users\\hecht\\IdeaProjects\\DiscordBot\\target\\rls\\debug\\deps\\libfiletime-130d0ebfadd98d7d.rmeta","emit":"metadata"}
{"artifact":"c:\\Users\\hecht\\IdeaProjects\\DiscordBot\\target\\rls\\debug\\deps\\liblibloading-1fa56ac244c7b9f4.rmeta","emit":"metadata"}
{"artifact":"c:\\Users\\hecht\\IdeaProjects\\DiscordBot\\target\\rls\\debug\\deps\\libatty-5fd12212f5fbb46c.rlib","emit":"link"}
{"artifact":"c:\\Users\\hecht\\IdeaProjects\\DiscordBot\\target\\rls\\debug\\deps\\libwinapi_util-d64f4e0329dfec96.rlib","emit":"link"}
{"artifact":"c:\\Users\\hecht\\IdeaProjects\\DiscordBot\\target\\rls\\debug\\deps\\libfiletime-130d0ebfadd98d7d.rlib","emit":"link"}
{"artifact":"c:\\Users\\hecht\\IdeaProjects\\DiscordBot\\target\\rls\\debug\\deps\\liblibloading-1fa56ac244c7b9f4.rlib","emit":"link"}
{"artifact":"c:\\Users\\hecht\\IdeaProjects\\DiscordBot\\target\\rls\\debug\\deps\\wincolor-41d19bd9d0301ac7.d","emit":"dep-info"}
{"artifact":"c:\\Users\\hecht\\IdeaProjects\\DiscordBot\\target\\rls\\debug\\deps\\save-analysis\\libwincolor-41d19bd9d0301ac7.json","emit":"save-analysis"}
{"artifact":"c:\\Users\\hecht\\IdeaProjects\\DiscordBot\\target\\rls\\debug\\deps\\libwincolor-41d19bd9d0301ac7.rmeta","emit":"metadata"}
{"artifact":"c:\\Users\\hecht\\IdeaProjects\\DiscordBot\\target\\rls\\debug\\deps\\libwincolor-41d19bd9d0301ac7.rlib","emit":"link"}
{"artifact":"c:\\Users\\hecht\\IdeaProjects\\DiscordBot\\target\\rls\\debug\\deps\\clap-1ba5a6ceaf6dd858.d","emit":"dep-info"}
{"artifact":"c:\\Users\\hecht\\IdeaProjects\\DiscordBot\\target\\rls\\debug\\deps\\clang_sys-6ef6d6a6bae2531b.d","emit":"dep-info"}
{"artifact":"c:\\Users\\hecht\\IdeaProjects\\DiscordBot\\target\\rls\\debug\\deps\\termcolor-d687c9995b1d67de.d","emit":"dep-info"}
{"artifact":"c:\\Users\\hecht\\IdeaProjects\\DiscordBot\\target\\rls\\debug\\deps\\save-analysis\\libtermcolor-d687c9995b1d67de.json","emit":"save-analysis"}
{"artifact":"c:\\Users\\hecht\\IdeaProjects\\DiscordBot\\target\\rls\\debug\\deps\\libtermcolor-d687c9995b1d67de.rmeta","emit":"metadata"}
{"artifact":"c:\\Users\\hecht\\IdeaProjects\\DiscordBot\\target\\rls\\debug\\deps\\libtermcolor-d687c9995b1d67de.rlib","emit":"link"}
{"artifact":"c:\\Users\\hecht\\IdeaProjects\\DiscordBot\\target\\rls\\debug\\deps\\libregex-e2cf1e06ff2d5a6b.rlib","emit":"link"}
{"artifact":"c:\\Users\\hecht\\IdeaProjects\\DiscordBot\\target\\rls\\debug\\deps\\env_logger-88880ad40e134afd.d","emit":"dep-info"}
{"artifact":"c:\\Users\\hecht\\IdeaProjects\\DiscordBot\\target\\rls\\debug\\deps\\save-analysis\\libsyn-6a72a724f3a07379.json","emit":"save-analysis"}
{"artifact":"c:\\Users\\hecht\\IdeaProjects\\DiscordBot\\target\\rls\\debug\\deps\\save-analysis\\libenv_logger-88880ad40e134afd.json","emit":"save-analysis"}
{"artifact":"c:\\Users\\hecht\\IdeaProjects\\DiscordBot\\target\\rls\\debug\\deps\\libenv_logger-88880ad40e134afd.rmeta","emit":"metadata"}
{"artifact":"c:\\Users\\hecht\\IdeaProjects\\DiscordBot\\target\\rls\\debug\\deps\\libenv_logger-88880ad40e134afd.rlib","emit":"link"}
{"artifact":"c:\\Users\\hecht\\IdeaProjects\\DiscordBot\\target\\rls\\debug\\deps\\save-analysis\\libclang_sys-6ef6d6a6bae2531b.json","emit":"save-analysis"}
{"artifact":"c:\\Users\\hecht\\IdeaProjects\\DiscordBot\\target\\rls\\debug\\deps\\libsyn-6a72a724f3a07379.rmeta","emit":"metadata"}
{"artifact":"c:\\Users\\hecht\\IdeaProjects\\DiscordBot\\target\\rls\\debug\\deps\\libclang_sys-6ef6d6a6bae2531b.rmeta","emit":"metadata"}
{"artifact":"c:\\Users\\hecht\\IdeaProjects\\DiscordBot\\target\\rls\\debug\\deps\\save-analysis\\libclap-1ba5a6ceaf6dd858.json","emit":"save-analysis"}
{"artifact":"c:\\Users\\hecht\\IdeaProjects\\DiscordBot\\target\\rls\\debug\\deps\\libclap-1ba5a6ceaf6dd858.rmeta","emit":"metadata"}
{"artifact":"c:\\Users\\hecht\\IdeaProjects\\DiscordBot\\target\\rls\\debug\\deps\\libsyn-6a72a724f3a07379.rlib","emit":"link"}
{"artifact":"c:\\Users\\hecht\\IdeaProjects\\DiscordBot\\target\\rls\\debug\\deps\\libclang_sys-6ef6d6a6bae2531b.rlib","emit":"link"}
{"artifact":"c:\\Users\\hecht\\IdeaProjects\\DiscordBot\\target\\rls\\debug\\deps\\libclap-1ba5a6ceaf6dd858.rlib","emit":"link"}
{"artifact":"c:\\Users\\hecht\\IdeaProjects\\DiscordBot\\target\\rls\\debug\\deps\\failure-e40a7d20274c6fcc.d","emit":"dep-info"}
{"artifact":"c:\\Users\\hecht\\IdeaProjects\\DiscordBot\\target\\rls\\debug\\deps\\save-analysis\\libfailure-e40a7d20274c6fcc.json","emit":"save-analysis"}
{"artifact":"c:\\Users\\hecht\\IdeaProjects\\DiscordBot\\target\\rls\\debug\\deps\\libfailure-e40a7d20274c6fcc.rmeta","emit":"metadata"}
{"artifact":"c:\\Users\\hecht\\IdeaProjects\\DiscordBot\\target\\rls\\debug\\deps\\libfailure-e40a7d20274c6fcc.rlib","emit":"link"}
{"artifact":"c:\\Users\\hecht\\IdeaProjects\\DiscordBot\\target\\rls\\debug\\deps\\which-092e2ba6e82081a7.d","emit":"dep-info"}
{"artifact":"c:\\Users\\hecht\\IdeaProjects\\DiscordBot\\target\\rls\\debug\\deps\\save-analysis\\libwhich-092e2ba6e82081a7.json","emit":"save-analysis"}
{"artifact":"c:\\Users\\hecht\\IdeaProjects\\DiscordBot\\target\\rls\\debug\\deps\\libwhich-092e2ba6e82081a7.rmeta","emit":"metadata"}
{"artifact":"c:\\Users\\hecht\\IdeaProjects\\DiscordBot\\target\\rls\\debug\\deps\\libwhich-092e2ba6e82081a7.rlib","emit":"link"}
[2019-10-14T18:03:06Z ERROR rls::actions::hover] extract_decl: error: BadLocation
